#
# There is insufficient memory for the Java Runtime Environment to continue.
# Native memory allocation (mmap) failed to map 130023424 bytes for G1 virtual space
# Possible reasons:
#   The system is out of physical RAM or swap space
#   The process is running with CompressedOops enabled, and the Java Heap may be blocking the growth of the native heap
# Possible solutions:
#   Reduce memory load on the system
#   Increase physical memory or swap space
#   Check if swap backing store is full
#   Decrease Java heap size (-Xmx/-Xms)
#   Decrease number of Java threads
#   Decrease Java thread stack sizes (-Xss)
#   Set larger code cache with -XX:ReservedCodeCacheSize=
#   JVM is running with Unscaled Compressed Oops mode in which the Java heap is
#     placed in the first 4GB address space. The Java Heap base address is the
#     maximum limit for the native heap growth. Please use -XX:HeapBaseMinAddress
#     to set the Java Heap base and to place the Java Heap above 4GB virtual address.
# This output file may be truncated or incomplete.
#
#  Out of Memory Error (os_windows.cpp:3548), pid=12300, tid=11064
#
# JRE version:  (17.0.5+8) (build )
# Java VM: OpenJDK 64-Bit Server VM (17.0.5+8, mixed mode, emulated-client, sharing, tiered, compressed oops, compressed class ptrs, g1 gc, windows-amd64)
# No core dump will be written. Minidumps are not enabled by default on client versions of Windows
#

---------------  S U M M A R Y ------------

Command Line: -Dcom.sun.management.jmxremote -Dcom.sun.management.jmxremote.port=50024 -Dcom.sun.management.jmxremote.authenticate=false -Dcom.sun.management.jmxremote.ssl=false -Djava.rmi.server.hostname=localhost -Dspring.jmx.enabled=true -Dmanagement.endpoints.jmx.exposure.include=* -Dspring.application.admin.enabled=true -XX:TieredStopAtLevel=1 -Dspring.boot.project.name=Company-Task -Dfile.encoding=UTF-8 -XX:+ShowCodeDetailsInExceptionMessages com.main.RegistrationFormApplication --spring.output.ansi.enabled=always

Host: 11th Gen Intel(R) Core(TM) i5-1155G7 @ 2.50GHz, 8 cores, 7G,  Windows 11 , 64 bit Build 22621 (10.0.22621.2070)
Time: Sat Aug 12 10:33:48 2023 India Standard Time elapsed time: 0.013898 seconds (0d 0h 0m 0s)

---------------  T H R E A D  ---------------

Current thread (0x000001e06e1663e0):  JavaThread "Unknown thread" [_thread_in_vm, id=11064, stack(0x000000b8cc400000,0x000000b8cc500000)]

Stack: [0x000000b8cc400000,0x000000b8cc500000]
Native frames: (J=compiled Java code, j=interpreted, Vv=VM code, C=native code)
V  [jvm.dll+0x676b3a]
V  [jvm.dll+0x831444]
V  [jvm.dll+0x832bee]
V  [jvm.dll+0x833253]
V  [jvm.dll+0x244ce5]
V  [jvm.dll+0x673a49]
V  [jvm.dll+0x66811a]
V  [jvm.dll+0x303ceb]
V  [jvm.dll+0x30b1e6]
V  [jvm.dll+0x35adbe]
V  [jvm.dll+0x35afef]
V  [jvm.dll+0x2dab88]
V  [jvm.dll+0x2dbaf4]
V  [jvm.dll+0x803121]
V  [jvm.dll+0x368bb1]
V  [jvm.dll+0x7e265c]
V  [jvm.dll+0x3eb17f]
V  [jvm.dll+0x3eccc1]
C  [jli.dll+0x5267]
C  [ucrtbase.dll+0x29363]
C  [KERNEL32.DLL+0x126ad]
C  [ntdll.dll+0x5aa68]


---------------  P R O C E S S  ---------------

Threads class SMR info:
_java_thread_list=0x00007ff88dd42f18, length=0, elements={
}

Java Threads: ( => current thread )

Other Threads:
  0x000001e06e1c1e60 GCTaskThread "GC Thread#0" [stack: 0x000000b8cc500000,0x000000b8cc600000] [id=10612]
  0x000001e06e1d2ba0 ConcurrentGCThread "G1 Main Marker" [stack: 0x000000b8cc600000,0x000000b8cc700000] [id=7576]
  0x000001e06e1d35b0 ConcurrentGCThread "G1 Conc#0" [stack: 0x000000b8cc700000,0x000000b8cc800000] [id=4664]

[error occurred during error reporting (printing all threads), id 0xc0000005, EXCEPTION_ACCESS_VIOLATION (0xc0000005) at pc=0x00007ff88d51b617]

VM state: not at safepoint (not fully initialized)

VM Mutex/Monitor currently owned by a thread:  ([mutex/lock_event])
[0x000001e06e1611c0] Heap_lock - owner thread: 0x000001e06e1663e0

Heap address: 0x0000000085800000, size: 1960 MB, Compressed Oops mode: 32-bit

CDS archive(s) mapped at: [0x0000000000000000-0x0000000000000000-0x0000000000000000), size 0, SharedBaseAddress: 0x0000000800000000, ArchiveRelocationMode: 0.
Narrow klass base: 0x0000000000000000, Narrow klass shift: 0, Narrow klass range: 0x0

GC Precious Log:
<Empty>

Heap:
 garbage-first heap   total 0K, used 0K [0x0000000085800000, 0x0000000100000000)
  region size 1024K, 0 young (0K), 0 survivors (0K)

[error occurred during error reporting (printing heap information), id 0xc0000005, EXCEPTION_ACCESS_VIOLATION (0xc0000005) at pc=0x00007ff88d8ffcb9]

GC Heap History (0 events):
No events

Dll operation events (1 events):
Event: 0.008 Loaded shared library C:\Users\Piyush More\.p2\pool\plugins\org.eclipse.justj.openjdk.hotspot.jre.full.win32.x86_64_17.0.5.v20221102-0933\jre\bin\java.dll

Deoptimization events (0 events):
No events

Classes unloaded (0 events):
No events

Classes redefined (0 events):
No events

Internal exceptions (0 events):
No events

VM Operations (0 events):
No events

Events (0 events):
No events


Dynamic libraries:
0x00007ff73cec0000 - 0x00007ff73cece000 	C:\Users\Piyush More\.p2\pool\plugins\org.eclipse.justj.openjdk.hotspot.jre.full.win32.x86_64_17.0.5.v20221102-0933\jre\bin\javaw.exe
0x00007ff8d8f50000 - 0x00007ff8d9164000 	C:\WINDOWS\SYSTEM32\ntdll.dll
0x00007ff8d7fc0000 - 0x00007ff8d8084000 	C:\WINDOWS\System32\KERNEL32.DLL
0x00007ff8d6720000 - 0x00007ff8d6ac4000 	C:\WINDOWS\System32\KERNELBASE.dll
0x00007ff8d6330000 - 0x00007ff8d6441000 	C:\WINDOWS\System32\ucrtbase.dll
0x00007ff89e980000 - 0x00007ff89e997000 	C:\Users\Piyush More\.p2\pool\plugins\org.eclipse.justj.openjdk.hotspot.jre.full.win32.x86_64_17.0.5.v20221102-0933\jre\bin\jli.dll
0x00007ff8d2a80000 - 0x00007ff8d2a99000 	C:\Users\Piyush More\.p2\pool\plugins\org.eclipse.justj.openjdk.hotspot.jre.full.win32.x86_64_17.0.5.v20221102-0933\jre\bin\VCRUNTIME140.dll
0x00007ff8d7110000 - 0x00007ff8d72ba000 	C:\WINDOWS\System32\USER32.dll
0x00007ff8d6ce0000 - 0x00007ff8d6d06000 	C:\WINDOWS\System32\win32u.dll
0x00007ff8d8e30000 - 0x00007ff8d8e59000 	C:\WINDOWS\System32\GDI32.dll
0x00007ff8d6450000 - 0x00007ff8d6569000 	C:\WINDOWS\System32\gdi32full.dll
0x00007ff8d6ad0000 - 0x00007ff8d6b6a000 	C:\WINDOWS\System32\msvcp_win.dll
0x00007ff8b1ba0000 - 0x00007ff8b1e2f000 	C:\WINDOWS\WinSxS\amd64_microsoft.windows.common-controls_6595b64144ccf1df_6.0.22621.2070_none_2713e6537381f706\COMCTL32.dll
0x00007ff8d8760000 - 0x00007ff8d8807000 	C:\WINDOWS\System32\msvcrt.dll
0x00007ff8d8880000 - 0x00007ff8d88b1000 	C:\WINDOWS\System32\IMM32.DLL
0x00007ff8b29f0000 - 0x00007ff8b29fc000 	C:\Users\Piyush More\.p2\pool\plugins\org.eclipse.justj.openjdk.hotspot.jre.full.win32.x86_64_17.0.5.v20221102-0933\jre\bin\vcruntime140_1.dll
0x00007ff89a660000 - 0x00007ff89a6f1000 	C:\Users\Piyush More\.p2\pool\plugins\org.eclipse.justj.openjdk.hotspot.jre.full.win32.x86_64_17.0.5.v20221102-0933\jre\bin\msvcp140.dll
0x00007ff88d230000 - 0x00007ff88de74000 	C:\Users\Piyush More\.p2\pool\plugins\org.eclipse.justj.openjdk.hotspot.jre.full.win32.x86_64_17.0.5.v20221102-0933\jre\bin\server\jvm.dll
0x00007ff8d7060000 - 0x00007ff8d7110000 	C:\WINDOWS\System32\ADVAPI32.dll
0x00007ff8d8e60000 - 0x00007ff8d8f06000 	C:\WINDOWS\System32\sechost.dll
0x00007ff8d85c0000 - 0x00007ff8d86d7000 	C:\WINDOWS\System32\RPCRT4.dll
0x00007ff8cecd0000 - 0x00007ff8ced04000 	C:\WINDOWS\SYSTEM32\WINMM.dll
0x00007ff8ae4f0000 - 0x00007ff8ae4f9000 	C:\WINDOWS\SYSTEM32\WSOCK32.dll
0x00007ff8ceca0000 - 0x00007ff8cecaa000 	C:\WINDOWS\SYSTEM32\VERSION.dll
0x00007ff8d88c0000 - 0x00007ff8d8931000 	C:\WINDOWS\System32\WS2_32.dll
0x00007ff8d5460000 - 0x00007ff8d5478000 	C:\WINDOWS\SYSTEM32\kernel.appcore.dll
0x00007ff8a51b0000 - 0x00007ff8a51ba000 	C:\Users\Piyush More\.p2\pool\plugins\org.eclipse.justj.openjdk.hotspot.jre.full.win32.x86_64_17.0.5.v20221102-0933\jre\bin\jimage.dll
0x00007ff8d3c20000 - 0x00007ff8d3e4e000 	C:\WINDOWS\SYSTEM32\DBGHELP.DLL
0x00007ff8d8230000 - 0x00007ff8d85ba000 	C:\WINDOWS\System32\combase.dll
0x00007ff8d7d50000 - 0x00007ff8d7e27000 	C:\WINDOWS\System32\OLEAUT32.dll
0x00007ff8b1e50000 - 0x00007ff8b1e82000 	C:\WINDOWS\SYSTEM32\dbgcore.DLL
0x00007ff8d65e0000 - 0x00007ff8d665a000 	C:\WINDOWS\System32\bcryptPrimitives.dll
0x00007ff891940000 - 0x00007ff891965000 	C:\Users\Piyush More\.p2\pool\plugins\org.eclipse.justj.openjdk.hotspot.jre.full.win32.x86_64_17.0.5.v20221102-0933\jre\bin\java.dll

dbghelp: loaded successfully - version: 4.0.5 - missing functions: none
symbol engine: initialized successfully - sym options: 0x614 - pdb path: .;C:\Users\Piyush More\.p2\pool\plugins\org.eclipse.justj.openjdk.hotspot.jre.full.win32.x86_64_17.0.5.v20221102-0933\jre\bin;C:\WINDOWS\SYSTEM32;C:\WINDOWS\WinSxS\amd64_microsoft.windows.common-controls_6595b64144ccf1df_6.0.22621.2070_none_2713e6537381f706;C:\Users\Piyush More\.p2\pool\plugins\org.eclipse.justj.openjdk.hotspot.jre.full.win32.x86_64_17.0.5.v20221102-0933\jre\bin\server

VM Arguments:
jvm_args: -Dcom.sun.management.jmxremote -Dcom.sun.management.jmxremote.port=50024 -Dcom.sun.management.jmxremote.authenticate=false -Dcom.sun.management.jmxremote.ssl=false -Djava.rmi.server.hostname=localhost -Dspring.jmx.enabled=true -Dmanagement.endpoints.jmx.exposure.include=* -Dspring.application.admin.enabled=true -XX:TieredStopAtLevel=1 -Dspring.boot.project.name=Company-Task -Dfile.encoding=UTF-8 -XX:+ShowCodeDetailsInExceptionMessages 
java_command: com.main.RegistrationFormApplication --spring.output.ansi.enabled=always
java_class_path (initial): D:\JAVA Class\Interview Task\Company-Task\target\classes;C:\Users\Piyush More\.m2\repository\org\springframework\boot\spring-boot-starter-data-jpa\3.1.2\spring-boot-starter-data-jpa-3.1.2.jar;C:\Users\Piyush More\.m2\repository\org\springframework\boot\spring-boot-starter-aop\3.1.2\spring-boot-starter-aop-3.1.2.jar;C:\Users\Piyush More\.m2\repository\org\springframework\spring-aop\6.0.11\spring-aop-6.0.11.jar;C:\Users\Piyush More\.m2\repository\org\aspectj\aspectjweaver\1.9.19\aspectjweaver-1.9.19.jar;C:\Users\Piyush More\.m2\repository\org\springframework\boot\spring-boot-starter-jdbc\3.1.2\spring-boot-starter-jdbc-3.1.2.jar;C:\Users\Piyush More\.m2\repository\com\zaxxer\HikariCP\5.0.1\HikariCP-5.0.1.jar;C:\Users\Piyush More\.m2\repository\org\springframework\spring-jdbc\6.0.11\spring-jdbc-6.0.11.jar;C:\Users\Piyush More\.m2\repository\org\hibernate\orm\hibernate-core\6.2.6.Final\hibernate-core-6.2.6.Final.jar;C:\Users\Piyush More\.m2\repository\jakarta\persistence\jakarta.persistence-api\3.1.0\jakarta.persistence-api-3.1.0.jar;C:\Users\Piyush More\.m2\repository\jakarta\transaction\jakarta.transaction-api\2.0.1\jakarta.transaction-api-2.0.1.jar;C:\Users\Piyush More\.m2\repository\org\jboss\logging\jboss-logging\3.5.3.Final\jboss-logging-3.5.3.Final.jar;C:\Users\Piyush More\.m2\repository\org\hibernate\common\hibernate-commons-annotations\6.0.6.Final\hibernate-commons-annotations-6.0.6.Final.jar;C:\Users\Piyush More\.m2\repository\io\smallrye\jandex\3.0.5\jandex-3.0.5.jar;C:\Users\Piyush More\.m2\repository\com\fasterxml\classmate\1.5.1\classmate-1.5.1.jar;C:\Users\Piyush More\.m2\repository\net\bytebuddy\byte-buddy\1.14.5\byte-buddy-1.14.5.jar;C:\Users\Piyush More\.m2\repository\org\glassfish\jaxb\jaxb-runtime\4.0.3\jaxb-runtime-4.0.3.jar;C:\Users\Piyush More\.m2\repository\org\glassfish\jaxb\jaxb-core\4.0.3\jaxb-core-4.0.3.jar;C:\Users\Piyush More\.m2\repository\org\eclipse\angus\angus-activation\2.0.1\angus-activation-2.0.1.jar;C:\Us
Launcher Type: SUN_STANDARD

[Global flags]
     intx CICompilerCount                          = 4                                         {product} {ergonomic}
     uint ConcGCThreads                            = 2                                         {product} {ergonomic}
     uint G1ConcRefinementThreads                  = 8                                         {product} {ergonomic}
   size_t G1HeapRegionSize                         = 1048576                                   {product} {ergonomic}
    uintx GCDrainStackTargetSize                   = 64                                        {product} {ergonomic}
   size_t InitialHeapSize                          = 130023424                                 {product} {ergonomic}
     bool ManagementServer                         = true                                      {product} {command line}
   size_t MarkStackSize                            = 4194304                                   {product} {ergonomic}
   size_t MaxHeapSize                              = 2055208960                                {product} {ergonomic}
   size_t MinHeapDeltaBytes                        = 1048576                                   {product} {ergonomic}
   size_t MinHeapSize                              = 8388608                                   {product} {ergonomic}
    uintx NonProfiledCodeHeapSize                  = 0                                      {pd product} {ergonomic}
     bool ProfileInterpreter                       = false                                  {pd product} {command line}
    uintx ProfiledCodeHeapSize                     = 0                                      {pd product} {ergonomic}
     bool ShowCodeDetailsInExceptionMessages       = true                                   {manageable} {command line}
   size_t SoftMaxHeapSize                          = 2055208960                             {manageable} {ergonomic}
     intx TieredStopAtLevel                        = 1                                         {product} {command line}
     bool UseCompressedClassPointers               = true                           {product lp64_product} {ergonomic}
     bool UseCompressedOops                        = true                           {product lp64_product} {ergonomic}
     bool UseG1GC                                  = true                                      {product} {ergonomic}
     bool UseLargePagesIndividualAllocation        = false                                  {pd product} {ergonomic}

Logging:
Log output configuration:
 #0: stdout all=warning uptime,level,tags
 #1: stderr all=off uptime,level,tags

Environment Variables:
CLASSPATH=C:\lib\ojdbc14.jar;C:\lib\servlet-api-2.5.jar;
PATH=C:/Users/Piyush More/.p2/pool/plugins/org.eclipse.justj.openjdk.hotspot.jre.full.win32.x86_64_17.0.5.v20221102-0933/jre/bin/server;C:/Users/Piyush More/.p2/pool/plugins/org.eclipse.justj.openjdk.hotspot.jre.full.win32.x86_64_17.0.5.v20221102-0933/jre/bin;C:\Program Files\Common Files\Oracle\Java\javapath;C:\Program Files\Java\jdk1.8.0_202\bin;C:\Program Files\Java\jdk1.6.0_45\bin;C:\Program Files\Apache Software Foundation\Tomcat 9.0\bin;C:\oraclexe\app\oracle\product\10.2.0\server\bin;C:\lib\servlet-api-2.5.jar;C:\WINDOWS\system32;C:\WINDOWS;C:\WINDOWS\System32\Wbem;C:\WINDOWS\System32\WindowsPowerShell\v1.0\;C:\WINDOWS\System32\OpenSSH\;C:\MinGW\bin;C:\Program Files\nodejs\;C:\Program Files\Git\cmd;C:\apache-maven-3.9.1-bin\apache-maven-3.9.1\bin;C:\Program Files\Apache Software Foundation\Tomcat 9.0\bin;C:\Program Files\MySQL\MySQL Shell 8.0\bin;C:\Program Files\Java\jdk1.8.0_202\bin;C:\Program Files\Java\jdk1.6.0_45\bin;C:\Users\Piyush More\AppData\Local\Microsoft\WindowsApps;C:\Users\Piyush More\AppData\Local\Programs\Microsoft VS Code\bin;C:\MinGW\bin;C:\Users\Piyush More\AppData\Local\GitHubDesktop\bin;C:\Users\Piyush More\AppData\Roaming\npm;C:\apache-maven-3.9.1-bin\apache-maven-3.9.1\bin;;C:\Users\Piyush More\OneDrive\Desktop;
USERNAME=Piyush More
OS=Windows_NT
PROCESSOR_IDENTIFIER=Intel64 Family 6 Model 140 Stepping 2, GenuineIntel
TMP=C:\Users\PIYUSH~1\AppData\Local\Temp
TEMP=C:\Users\PIYUSH~1\AppData\Local\Temp



---------------  S Y S T E M  ---------------

OS:
 Windows 11 , 64 bit Build 22621 (10.0.22621.2070)
OS uptime: 0 days 0:05 hours

CPU: total 8 (initial active 8) (4 cores per cpu, 2 threads per core) family 6 model 140 stepping 2 microcode 0x22, cx8, cmov, fxsr, ht, mmx, 3dnowpref, sse, sse2, sse3, ssse3, sse4.1, sse4.2, popcnt, lzcnt, tsc, tscinvbit, avx, avx2, aes, erms, clmul, bmi1, bmi2, adx, avx512f, avx512dq, avx512cd, avx512bw, avx512vl, sha, fma, vzeroupper, avx512_vpopcntdq, avx512_vpclmulqdq, avx512_vaes, avx512_vnni, clflush, clflushopt, clwb, avx512_vbmi2, avx512_vbmi

Memory: 4k page, system-wide physical 7834M (453M free)
TotalPageFile size 9882M (AvailPageFile size 120M)
current process WorkingSet (physical memory assigned to process): 11M, peak: 11M
current process commit charge ("private bytes"): 55M, peak: 179M

vm_info: OpenJDK 64-Bit Server VM (17.0.5+8) for windows-amd64 JRE (17.0.5+8), built on Oct 19 2022 04:48:13 by "temurin" with MS VC++ 16.7 (VS2019)

END.
